# JRE version: OpenJDK Runtime Environment Temurin-21.0.8+9 (21.0.8+9) (build 21.0.8+9-LTS)
# Java VM: OpenJDK 64-Bit Server VM Temurin-21.0.8+9 (21.0.8+9-LTS, mixed mode, sharing, tiered, compressed oops, compressed class ptrs, parallel gc, windows-amd64)
GC Precious Log:
 CardTable entry size: 512
 CPUs: 8 total, 8 available
 Memory: 16262M
 Large Page Support: Disabled
 NUMA Support: Disabled
 Compressed Oops: Enabled (32-bit)
 Alignments: Space 512K, Generation 512K, Heap 2M
 Heap Min Capacity: 100M
 Heap Initial Capacity: 100M
 Heap Max Capacity: 2G
 Pre-touch: Disabled
 Parallel Workers: 8
Heap:
 PSYoungGen      total 3072K, used 688K [0x00000000d5580000, 0x00000000d5980000, 0x0000000100000000)
  eden space 2560K, 15% used [0x00000000d5580000,0x00000000d55e4250,0x00000000d5800000)
  from space 512K, 56% used [0x00000000d5900000,0x00000000d5948000,0x00000000d5980000)
  to   space 512K, 0% used [0x00000000d5880000,0x00000000d5880000,0x00000000d5900000)
 ParOldGen       total 604160K, used 603728K [0x0000000080000000, 0x00000000a4e00000, 0x00000000d5580000)
  object space 604160K, 99% used [0x0000000080000000,0x00000000a4d94318,0x00000000a4e00000)
 Metaspace       used 84162K, committed 85952K, reserved 1179648K
  class space    used 8512K, committed 9344K, reserved 1048576K
GC Heap History (20 events):
Event: 11368.152 GC heap before
{Heap before GC invocations=2491 (full 7):
 PSYoungGen      total 2560K, used 2532K [0x00000000d5580000, 0x00000000d5a00000, 0x0000000100000000)
  eden space 2048K, 100% used [0x00000000d5580000,0x00000000d5780000,0x00000000d5780000)
  from space 512K, 94% used [0x00000000d5980000,0x00000000d59f9210,0x00000000d5a00000)
  to   space 1024K, 0% used [0x00000000d5800000,0x00000000d5800000,0x00000000d5900000)
 ParOldGen       total 601088K, used 600597K [0x0000000080000000, 0x00000000a4b00000, 0x00000000d5580000)
  object space 601088K, 99% used [0x0000000080000000,0x00000000a4a85600,0x00000000a4b00000)
 Metaspace       used 83314K, committed 85120K, reserved 1179648K
  class space    used 8380K, committed 9216K, reserved 1048576K
}
Event: 11368.157 GC heap after
{Heap after GC invocations=2491 (full 7):
 PSYoungGen      total 3072K, used 673K [0x00000000d5580000, 0x00000000d5a00000, 0x0000000100000000)
  eden space 2048K, 0% used [0x00000000d5580000,0x00000000d5580000,0x00000000d5780000)
  from space 1024K, 65% used [0x00000000d5800000,0x00000000d58a85f8,0x00000000d5900000)
  to   space 1024K, 0% used [0x00000000d5900000,0x00000000d5900000,0x00000000d5a00000)
 ParOldGen       total 601088K, used 600994K [0x0000000080000000, 0x00000000a4b00000, 0x00000000d5580000)
  object space 601088K, 99% used [0x0000000080000000,0x00000000a4ae8810,0x00000000a4b00000)
 Metaspace       used 83314K, committed 85120K, reserved 1179648K
  class space    used 8380K, committed 9216K, reserved 1048576K
}
Event: 11368.172 GC heap before
{Heap before GC invocations=2492 (full 7):
 PSYoungGen      total 3072K, used 2721K [0x00000000d5580000, 0x00000000d5a00000, 0x0000000100000000)
  eden space 2048K, 99% used [0x00000000d5580000,0x00000000d577ffb8,0x00000000d5780000)
  from space 1024K, 65% used [0x00000000d5800000,0x00000000d58a85f8,0x00000000d5900000)
  to   space 1024K, 0% used [0x00000000d5900000,0x00000000d5900000,0x00000000d5a00000)
 ParOldGen       total 601088K, used 600994K [0x0000000080000000, 0x00000000a4b00000, 0x00000000d5580000)
  object space 601088K, 99% used [0x0000000080000000,0x00000000a4ae8810,0x00000000a4b00000)
 Metaspace       used 83328K, committed 85120K, reserved 1179648K
  class space    used 8382K, committed 9216K, reserved 1048576K
}
Event: 11368.175 GC heap after
{Heap after GC invocations=2492 (full 7):
 PSYoungGen      total 2560K, used 384K [0x00000000d5580000, 0x00000000d5980000, 0x0000000100000000)
  eden space 2048K, 0% used [0x00000000d5580000,0x00000000d5580000,0x00000000d5780000)
  from space 512K, 75% used [0x00000000d5900000,0x00000000d5960000,0x00000000d5980000)
  to   space 512K, 0% used [0x00000000d5880000,0x00000000d5880000,0x00000000d5900000)
 ParOldGen       total 601600K, used 601265K [0x0000000080000000, 0x00000000a4b80000, 0x00000000d5580000)
  object space 601600K, 99% used [0x0000000080000000,0x00000000a4b2c4a8,0x00000000a4b80000)
 Metaspace       used 83328K, committed 85120K, reserved 1179648K
  class space    used 8382K, committed 9216K, reserved 1048576K
}
Event: 11368.200 GC heap before
{Heap before GC invocations=2493 (full 7):
 PSYoungGen      total 2560K, used 2432K [0x00000000d5580000, 0x00000000d5980000, 0x0000000100000000)
  eden space 2048K, 100% used [0x00000000d5580000,0x00000000d5780000,0x00000000d5780000)
  from space 512K, 75% used [0x00000000d5900000,0x00000000d5960000,0x00000000d5980000)
  to   space 512K, 0% used [0x00000000d5880000,0x00000000d5880000,0x00000000d5900000)
 ParOldGen       total 601600K, used 601265K [0x0000000080000000, 0x00000000a4b80000, 0x00000000d5580000)
  object space 601600K, 99% used [0x0000000080000000,0x00000000a4b2c4a8,0x00000000a4b80000)
 Metaspace       used 83352K, committed 85184K, reserved 1179648K
  class space    used 8385K, committed 9216K, reserved 1048576K
}
Event: 11368.204 GC heap after
{Heap after GC invocations=2493 (full 7):
 PSYoungGen      total 2560K, used 448K [0x00000000d5580000, 0x00000000d5980000, 0x0000000100000000)
  eden space 2048K, 0% used [0x00000000d5580000,0x00000000d5580000,0x00000000d5780000)
  from space 512K, 87% used [0x00000000d5880000,0x00000000d58f0000,0x00000000d5900000)
  to   space 512K, 0% used [0x00000000d5900000,0x00000000d5900000,0x00000000d5980000)
 ParOldGen       total 601600K, used 601557K [0x0000000080000000, 0x00000000a4b80000, 0x00000000d5580000)
  object space 601600K, 99% used [0x0000000080000000,0x00000000a4b754b8,0x00000000a4b80000)
 Metaspace       used 83352K, committed 85184K, reserved 1179648K
  class space    used 8385K, committed 9216K, reserved 1048576K
}
Event: 11368.305 GC heap before
{Heap before GC invocations=2494 (full 7):
 PSYoungGen      total 2560K, used 2496K [0x00000000d5580000, 0x00000000d5980000, 0x0000000100000000)
  eden space 2048K, 100% used [0x00000000d5580000,0x00000000d5780000,0x00000000d5780000)
  from space 512K, 87% used [0x00000000d5880000,0x00000000d58f0000,0x00000000d5900000)
  to   space 512K, 0% used [0x00000000d5900000,0x00000000d5900000,0x00000000d5980000)
 ParOldGen       total 601600K, used 601557K [0x0000000080000000, 0x00000000a4b80000, 0x00000000d5580000)
  object space 601600K, 99% used [0x0000000080000000,0x00000000a4b754b8,0x00000000a4b80000)
 Metaspace       used 83555K, committed 85312K, reserved 1179648K
  class space    used 8403K, committed 9216K, reserved 1048576K
}
Event: 11368.310 GC heap after
{Heap after GC invocations=2494 (full 7):
 PSYoungGen      total 2560K, used 224K [0x00000000d5580000, 0x00000000d5980000, 0x0000000100000000)
  eden space 2048K, 0% used [0x00000000d5580000,0x00000000d5580000,0x00000000d5780000)
  from space 512K, 43% used [0x00000000d5900000,0x00000000d5938000,0x00000000d5980000)
  to   space 512K, 0% used [0x00000000d5880000,0x00000000d5880000,0x00000000d5900000)
 ParOldGen       total 602112K, used 601822K [0x0000000080000000, 0x00000000a4c00000, 0x00000000d5580000)
  object space 602112K, 99% used [0x0000000080000000,0x00000000a4bb79b8,0x00000000a4c00000)
 Metaspace       used 83555K, committed 85312K, reserved 1179648K
  class space    used 8403K, committed 9216K, reserved 1048576K
}
Event: 11368.334 GC heap before
{Heap before GC invocations=2495 (full 7):
 PSYoungGen      total 2560K, used 2271K [0x00000000d5580000, 0x00000000d5980000, 0x0000000100000000)
  eden space 2048K, 99% used [0x00000000d5580000,0x00000000d577fff0,0x00000000d5780000)
  from space 512K, 43% used [0x00000000d5900000,0x00000000d5938000,0x00000000d5980000)
  to   space 512K, 0% used [0x00000000d5880000,0x00000000d5880000,0x00000000d5900000)
 ParOldGen       total 602112K, used 601822K [0x0000000080000000, 0x00000000a4c00000, 0x00000000d5580000)
  object space 602112K, 99% used [0x0000000080000000,0x00000000a4bb79b8,0x00000000a4c00000)
 Metaspace       used 83619K, committed 85376K, reserved 1179648K
  class space    used 8408K, committed 9216K, reserved 1048576K
}
Event: 11368.337 GC heap after
{Heap after GC invocations=2495 (full 7):
 PSYoungGen      total 2560K, used 484K [0x00000000d5580000, 0x00000000d5980000, 0x0000000100000000)
  eden space 2048K, 0% used [0x00000000d5580000,0x00000000d5580000,0x00000000d5780000)
  from space 512K, 94% used [0x00000000d5880000,0x00000000d58f9230,0x00000000d5900000)
  to   space 512K, 0% used [0x00000000d5900000,0x00000000d5900000,0x00000000d5980000)
 ParOldGen       total 602112K, used 601931K [0x0000000080000000, 0x00000000a4c00000, 0x00000000d5580000)
  object space 602112K, 99% used [0x0000000080000000,0x00000000a4bd2c38,0x00000000a4c00000)
 Metaspace       used 83619K, committed 85376K, reserved 1179648K
  class space    used 8408K, committed 9216K, reserved 1048576K
}
Event: 11368.349 GC heap before
{Heap before GC invocations=2496 (full 7):
 PSYoungGen      total 2560K, used 2532K [0x00000000d5580000, 0x00000000d5980000, 0x0000000100000000)
  eden space 2048K, 99% used [0x00000000d5580000,0x00000000d577ffe8,0x00000000d5780000)
  from space 512K, 94% used [0x00000000d5880000,0x00000000d58f9230,0x00000000d5900000)
  to   space 512K, 0% used [0x00000000d5900000,0x00000000d5900000,0x00000000d5980000)
 ParOldGen       total 602112K, used 601931K [0x0000000080000000, 0x00000000a4c00000, 0x00000000d5580000)
  object space 602112K, 99% used [0x0000000080000000,0x00000000a4bd2c38,0x00000000a4c00000)
 Metaspace       used 83638K, committed 85376K, reserved 1179648K
  class space    used 8408K, committed 9216K, reserved 1048576K
}
Event: 11368.358 GC heap after
{Heap after GC invocations=2496 (full 7):
 PSYoungGen      total 3072K, used 448K [0x00000000d5580000, 0x00000000d5980000, 0x0000000100000000)
  eden space 2560K, 0% used [0x00000000d5580000,0x00000000d5580000,0x00000000d5800000)
  from space 512K, 87% used [0x00000000d5900000,0x00000000d5970000,0x00000000d5980000)
  to   space 512K, 0% used [0x00000000d5880000,0x00000000d5880000,0x00000000d5900000)
 ParOldGen       total 602624K, used 602399K [0x0000000080000000, 0x00000000a4c80000, 0x00000000d5580000)
  object space 602624K, 99% used [0x0000000080000000,0x00000000a4c47e68,0x00000000a4c80000)
 Metaspace       used 83638K, committed 85376K, reserved 1179648K
  class space    used 8408K, committed 9216K, reserved 1048576K
}
Event: 11368.378 GC heap before
{Heap before GC invocations=2497 (full 7):
 PSYoungGen      total 3072K, used 3007K [0x00000000d5580000, 0x00000000d5980000, 0x0000000100000000)
  eden space 2560K, 99% used [0x00000000d5580000,0x00000000d57ffff0,0x00000000d5800000)
  from space 512K, 87% used [0x00000000d5900000,0x00000000d5970000,0x00000000d5980000)
  to   space 512K, 0% used [0x00000000d5880000,0x00000000d5880000,0x00000000d5900000)
 ParOldGen       total 602624K, used 602399K [0x0000000080000000, 0x00000000a4c80000, 0x00000000d5580000)
  object space 602624K, 99% used [0x0000000080000000,0x00000000a4c47e68,0x00000000a4c80000)
 Metaspace       used 83685K, committed 85440K, reserved 1179648K
  class space    used 8426K, committed 9216K, reserved 1048576K
}
Event: 11368.384 GC heap after
{Heap after GC invocations=2497 (full 7):
 PSYoungGen      total 3584K, used 468K [0x00000000d5580000, 0x00000000d5980000, 0x0000000100000000)
  eden space 3072K, 0% used [0x00000000d5580000,0x00000000d5580000,0x00000000d5880000)
  from space 512K, 91% used [0x00000000d5880000,0x00000000d58f5200,0x00000000d5900000)
  to   space 512K, 0% used [0x00000000d5900000,0x00000000d5900000,0x00000000d5980000)
 ParOldGen       total 603136K, used 602679K [0x0000000080000000, 0x00000000a4d00000, 0x00000000d5580000)
  object space 603136K, 99% used [0x0000000080000000,0x00000000a4c8de88,0x00000000a4d00000)
 Metaspace       used 83685K, committed 85440K, reserved 1179648K
  class space    used 8426K, committed 9216K, reserved 1048576K
}
Event: 11368.400 GC heap before
{Heap before GC invocations=2498 (full 7):
 PSYoungGen      total 3584K, used 3540K [0x00000000d5580000, 0x00000000d5980000, 0x0000000100000000)
  eden space 3072K, 100% used [0x00000000d5580000,0x00000000d5880000,0x00000000d5880000)
  from space 512K, 91% used [0x00000000d5880000,0x00000000d58f5200,0x00000000d5900000)
  to   space 512K, 0% used [0x00000000d5900000,0x00000000d5900000,0x00000000d5980000)
 ParOldGen       total 603136K, used 602679K [0x0000000080000000, 0x00000000a4d00000, 0x00000000d5580000)
  object space 603136K, 99% used [0x0000000080000000,0x00000000a4c8de88,0x00000000a4d00000)
 Metaspace       used 83724K, committed 85440K, reserved 1179648K
  class space    used 8439K, committed 9216K, reserved 1048576K
}
Event: 11368.405 GC heap after
{Heap after GC invocations=2498 (full 7):
 PSYoungGen      total 3072K, used 512K [0x00000000d5580000, 0x00000000d5b80000, 0x0000000100000000)
  eden space 2560K, 0% used [0x00000000d5580000,0x00000000d5580000,0x00000000d5800000)
  from space 512K, 100% used [0x00000000d5900000,0x00000000d5980000,0x00000000d5980000)
  to   space 1024K, 0% used [0x00000000d5800000,0x00000000d5800000,0x00000000d5900000)
 ParOldGen       total 603136K, used 603016K [0x0000000080000000, 0x00000000a4d00000, 0x00000000d5580000)
  object space 603136K, 99% used [0x0000000080000000,0x00000000a4ce2318,0x00000000a4d00000)
 Metaspace       used 83724K, committed 85440K, reserved 1179648K
  class space    used 8439K, committed 9216K, reserved 1048576K
}
Event: 11368.439 GC heap before
{Heap before GC invocations=2499 (full 7):
 PSYoungGen      total 3072K, used 3069K [0x00000000d5580000, 0x00000000d5b80000, 0x0000000100000000)
  eden space 2560K, 99% used [0x00000000d5580000,0x00000000d57ff6c0,0x00000000d5800000)
  from space 512K, 100% used [0x00000000d5900000,0x00000000d5980000,0x00000000d5980000)
  to   space 1024K, 0% used [0x00000000d5800000,0x00000000d5800000,0x00000000d5900000)
 ParOldGen       total 603136K, used 603016K [0x0000000080000000, 0x00000000a4d00000, 0x00000000d5580000)
  object space 603136K, 99% used [0x0000000080000000,0x00000000a4ce2318,0x00000000a4d00000)
 Metaspace       used 83839K, committed 85632K, reserved 1179648K
  class space    used 8468K, committed 9280K, reserved 1048576K
}
Event: 11368.442 GC heap after
{Heap after GC invocations=2499 (full 7):
 PSYoungGen      total 3584K, used 448K [0x00000000d5580000, 0x00000000d5a00000, 0x0000000100000000)
  eden space 2560K, 0% used [0x00000000d5580000,0x00000000d5580000,0x00000000d5800000)
  from space 1024K, 43% used [0x00000000d5800000,0x00000000d5870000,0x00000000d5900000)
  to   space 1024K, 0% used [0x00000000d5900000,0x00000000d5900000,0x00000000d5a00000)
 ParOldGen       total 603648K, used 603488K [0x0000000080000000, 0x00000000a4d80000, 0x00000000d5580000)
  object space 603648K, 99% used [0x0000000080000000,0x00000000a4d58318,0x00000000a4d80000)
 Metaspace       used 83839K, committed 85632K, reserved 1179648K
  class space    used 8468K, committed 9280K, reserved 1048576K
}
Event: 11377.253 GC heap before
{Heap before GC invocations=2500 (full 7):
 PSYoungGen      total 3584K, used 3008K [0x00000000d5580000, 0x00000000d5a00000, 0x0000000100000000)
  eden space 2560K, 100% used [0x00000000d5580000,0x00000000d5800000,0x00000000d5800000)
  from space 1024K, 43% used [0x00000000d5800000,0x00000000d5870000,0x00000000d5900000)
  to   space 1024K, 0% used [0x00000000d5900000,0x00000000d5900000,0x00000000d5a00000)
 ParOldGen       total 603648K, used 603488K [0x0000000080000000, 0x00000000a4d80000, 0x00000000d5580000)
  object space 603648K, 99% used [0x0000000080000000,0x00000000a4d58318,0x00000000a4d80000)
 Metaspace       used 84155K, committed 85952K, reserved 1179648K
  class space    used 8512K, committed 9344K, reserved 1048576K
}
Event: 11377.255 GC heap after
{Heap after GC invocations=2500 (full 7):
 PSYoungGen      total 3072K, used 288K [0x00000000d5580000, 0x00000000d5980000, 0x0000000100000000)
  eden space 2560K, 0% used [0x00000000d5580000,0x00000000d5580000,0x00000000d5800000)
  from space 512K, 56% used [0x00000000d5900000,0x00000000d5948000,0x00000000d5980000)
  to   space 512K, 0% used [0x00000000d5880000,0x00000000d5880000,0x00000000d5900000)
 ParOldGen       total 604160K, used 603728K [0x0000000080000000, 0x00000000a4e00000, 0x00000000d5580000)
  object space 604160K, 99% used [0x0000000080000000,0x00000000a4d94318,0x00000000a4e00000)
 Metaspace       used 84155K, committed 85952K, reserved 1179648K
  class space    used 8512K, committed 9344K, reserved 1048576K
}

